Application/build/intermediates/manifest_merge_blame_file/debug/manifest-merger-blame-debug-report.txt
1<?xml version="1.0" encoding="utf-8"?>
2<!--
3 Copyright 2015 The Android Open Source Project
4
5 Licensed under the Apache License, Version 2.0 (the "License");
6 you may not use this file except in compliance with the License.
7 You may obtain a copy of the License at
8
9     http://www.apache.org/licenses/LICENSE-2.0
10
11 Unless required by applicable law or agreed to in writing, software
12 distributed under the License is distributed on an "AS IS" BASIS,
13 WITHOUT WARRANTIES OR CONDITIONS OF ANY KIND, either express or implied.
14 See the License for the specific language governing permissions and
15 limitations under the License.
16-->
17<manifest xmlns:android="http://schemas.android.com/apk/res/android"
18    package="com.example.android.directshare"
19    android:versionCode="1"
20    android:versionName="1.0" >
21
22    <uses-sdk
23        android:minSdkVersion="23"
23-->src/main/AndroidManifest.xml
24        android:targetSdkVersion="27" />
24-->src/main/AndroidManifest.xml
25
26    <application
26-->src/main/AndroidManifest.xml:22:5-65:19
27        android:allowBackup="true"
27-->src/main/AndroidManifest.xml:23:9-35
28        android:debuggable="true"
29        android:icon="@mipmap/ic_launcher"
29-->src/main/AndroidManifest.xml:24:9-43
30        android:label="@string/app_name"
30-->src/main/AndroidManifest.xml:25:9-41
31        android:theme="@style/DirectShareTheme" >
31-->src/main/AndroidManifest.xml:26:9-48
32        <activity
32-->src/main/AndroidManifest.xml:28:9-35:20
33            android:name="com.example.android.directshare.MainActivity"
33-->src/main/AndroidManifest.xml:29:13-41
34            android:label="@string/app_name" >
34-->src/main/AndroidManifest.xml:30:13-45
35            <intent-filter>
35-->src/main/AndroidManifest.xml:31:13-34:29
36                <action android:name="android.intent.action.MAIN" />
36-->src/main/AndroidManifest.xml:32:17-69
36-->src/main/AndroidManifest.xml:32:25-66
37
38                <category android:name="android.intent.category.LAUNCHER" />
38-->src/main/AndroidManifest.xml:33:17-77
38-->src/main/AndroidManifest.xml:33:27-74
39            </intent-filter>
40        </activity>
41        <activity
41-->src/main/AndroidManifest.xml:37:9-49:20
42            android:name="com.example.android.directshare.SendMessageActivity"
42-->src/main/AndroidManifest.xml:38:13-48
43            android:label="@string/app_name"
43-->src/main/AndroidManifest.xml:39:13-45
44            android:theme="@style/DirectShareDialogTheme" >
44-->src/main/AndroidManifest.xml:40:13-58
45            <intent-filter>
45-->src/main/AndroidManifest.xml:41:13-45:29
46                <action android:name="android.intent.action.SEND" />
46-->src/main/AndroidManifest.xml:42:17-69
46-->src/main/AndroidManifest.xml:42:25-66
47
48                <category android:name="android.intent.category.DEFAULT" />
48-->src/main/AndroidManifest.xml:43:17-76
48-->src/main/AndroidManifest.xml:43:27-73
49
50                <data android:mimeType="text/plain" />
50-->src/main/AndroidManifest.xml:44:17-55
50-->src/main/AndroidManifest.xml:44:23-52
51            </intent-filter>
52
53            <meta-data
53-->src/main/AndroidManifest.xml:46:13-48:63
54                android:name="android.service.chooser.chooser_target_service"
54-->src/main/AndroidManifest.xml:47:17-78
55                android:value=".SampleChooserTargetService" />
55-->src/main/AndroidManifest.xml:48:17-60
56        </activity>
57        <activity
57-->src/main/AndroidManifest.xml:51:9-54:61
58            android:name="com.example.android.directshare.SelectContactActivity"
58-->src/main/AndroidManifest.xml:52:13-50
59            android:label="@string/app_name"
59-->src/main/AndroidManifest.xml:53:13-45
60            android:theme="@style/DirectShareDialogTheme" />
60-->src/main/AndroidManifest.xml:54:13-58
61
62        <service
62-->src/main/AndroidManifest.xml:56:9-63:19
63            android:name="com.example.android.directshare.SampleChooserTargetService"
63-->src/main/AndroidManifest.xml:57:13-55
64            android:label="@string/app_name"
64-->src/main/AndroidManifest.xml:58:13-45
65            android:permission="android.permission.BIND_CHOOSER_TARGET_SERVICE" >
65-->src/main/AndroidManifest.xml:59:13-80
66            <intent-filter>
66-->src/main/AndroidManifest.xml:60:13-62:29
67                <action android:name="android.service.chooser.ChooserTargetService" />
67-->src/main/AndroidManifest.xml:61:17-87
67-->src/main/AndroidManifest.xml:61:25-84
68            </intent-filter>
69        </service>
70    </application>
71
72</manifest>